# JRE version: Java(TM) SE Runtime Environment (8.0_72-b15) (build 1.8.0_72-b15)
# Java VM: Java HotSpot(TM) 64-Bit Server VM (25.72-b15 mixed mode linux-amd64 compressed oops)
Heap:
 PSYoungGen      total 637952K, used 382762K [0x00000000d7000000, 0x0000000100000000, 0x0000000100000000)
  eden space 612352K, 62% used [0x00000000d7000000,0x00000000ee5ca958,0x00000000fc600000)
  from space 25600K, 0% used [0x00000000fe700000,0x00000000fe700000,0x0000000100000000)
  to   space 29696K, 0% used [0x00000000fc600000,0x00000000fc600000,0x00000000fe300000)
 ParOldGen       total 181248K, used 66999K [0x0000000085000000, 0x0000000090100000, 0x00000000d7000000)
  object space 181248K, 36% used [0x0000000085000000,0x000000008916df80,0x0000000090100000)
 Metaspace       used 75520K, capacity 83390K, committed 83456K, reserved 1122304K
  class space    used 9140K, capacity 11458K, committed 11520K, reserved 1048576K
GC Heap History (10 events):
Event: 5.788 GC heap before
{Heap before GC invocations=13 (full 1):
 PSYoungGen      total 640000K, used 17404K [0x00000000d7000000, 0x0000000100000000, 0x0000000100000000)
  eden space 622592K, 0% used [0x00000000d7000000,0x00000000d7000000,0x00000000fd000000)
  from space 17408K, 99% used [0x00000000fef00000,0x00000000fffff0d0,0x0000000100000000)
  to   space 24576K, 0% used [0x00000000fd000000,0x00000000fd000000,0x00000000fe800000)
 ParOldGen       total 84992K, used 46401K [0x0000000085000000, 0x000000008a300000, 0x00000000d7000000)
  object space 84992K, 54% used [0x0000000085000000,0x0000000087d50460,0x000000008a300000)
 Metaspace       used 19403K, capacity 21132K, committed 21296K, reserved 1069056K
  class space    used 1898K, capacity 2339K, committed 2432K, reserved 1048576K
Event: 5.890 GC heap after
Heap after GC invocations=13 (full 1):
 PSYoungGen      total 640000K, used 0K [0x00000000d7000000, 0x0000000100000000, 0x0000000100000000)
  eden space 622592K, 0% used [0x00000000d7000000,0x00000000d7000000,0x00000000fd000000)
  from space 17408K, 0% used [0x00000000fef00000,0x00000000fef00000,0x0000000100000000)
  to   space 24576K, 0% used [0x00000000fd000000,0x00000000fd000000,0x00000000fe800000)
 ParOldGen       total 99840K, used 44614K [0x0000000085000000, 0x000000008b180000, 0x00000000d7000000)
  object space 99840K, 44% used [0x0000000085000000,0x0000000087b918a0,0x000000008b180000)
 Metaspace       used 19403K, capacity 21132K, committed 21296K, reserved 1069056K
  class space    used 1898K, capacity 2339K, committed 2432K, reserved 1048576K
}
Event: 7.139 GC heap before
{Heap before GC invocations=14 (full 1):
 PSYoungGen      total 640000K, used 108733K [0x00000000d7000000, 0x0000000100000000, 0x0000000100000000)
  eden space 622592K, 17% used [0x00000000d7000000,0x00000000dda2f560,0x00000000fd000000)
  from space 17408K, 0% used [0x00000000fef00000,0x00000000fef00000,0x0000000100000000)
  to   space 24576K, 0% used [0x00000000fd000000,0x00000000fd000000,0x00000000fe800000)
 ParOldGen       total 99840K, used 44614K [0x0000000085000000, 0x000000008b180000, 0x00000000d7000000)
  object space 99840K, 44% used [0x0000000085000000,0x0000000087b918a0,0x000000008b180000)
 Metaspace       used 32578K, capacity 35414K, committed 35456K, reserved 1081344K
  class space    used 3552K, capacity 4460K, committed 4480K, reserved 1048576K
Event: 7.162 GC heap after
Heap after GC invocations=14 (full 1):
 PSYoungGen      total 639488K, used 16848K [0x00000000d7000000, 0x0000000100000000, 0x0000000100000000)
  eden space 622592K, 0% used [0x00000000d7000000,0x00000000d7000000,0x00000000fd000000)
  from space 16896K, 99% used [0x00000000fd000000,0x00000000fe074330,0x00000000fe080000)
  to   space 25600K, 0% used [0x00000000fe700000,0x00000000fe700000,0x0000000100000000)
 ParOldGen       total 99840K, used 44622K [0x0000000085000000, 0x000000008b180000, 0x00000000d7000000)
  object space 99840K, 44% used [0x0000000085000000,0x0000000087b938a0,0x000000008b180000)
 Metaspace       used 32578K, capacity 35414K, committed 35456K, reserved 1081344K
  class space    used 3552K, capacity 4460K, committed 4480K, reserved 1048576K
}
Event: 7.162 GC heap before
{Heap before GC invocations=15 (full 2):
 PSYoungGen      total 639488K, used 16848K [0x00000000d7000000, 0x0000000100000000, 0x0000000100000000)
  eden space 622592K, 0% used [0x00000000d7000000,0x00000000d7000000,0x00000000fd000000)
  from space 16896K, 99% used [0x00000000fd000000,0x00000000fe074330,0x00000000fe080000)
  to   space 25600K, 0% used [0x00000000fe700000,0x00000000fe700000,0x0000000100000000)
 ParOldGen       total 99840K, used 44622K [0x0000000085000000, 0x000000008b180000, 0x00000000d7000000)
  object space 99840K, 44% used [0x0000000085000000,0x0000000087b938a0,0x000000008b180000)
 Metaspace       used 32578K, capacity 35414K, committed 35456K, reserved 1081344K
  class space    used 3552K, capacity 4460K, committed 4480K, reserved 1048576K
Event: 7.255 GC heap after
Heap after GC invocations=15 (full 2):
 PSYoungGen      total 639488K, used 0K [0x00000000d7000000, 0x0000000100000000, 0x0000000100000000)
  eden space 622592K, 0% used [0x00000000d7000000,0x00000000d7000000,0x00000000fd000000)
  from space 16896K, 0% used [0x00000000fd000000,0x00000000fd000000,0x00000000fe080000)
  to   space 25600K, 0% used [0x00000000fe700000,0x00000000fe700000,0x0000000100000000)
 ParOldGen       total 133120K, used 51307K [0x0000000085000000, 0x000000008d200000, 0x00000000d7000000)
  object space 133120K, 38% used [0x0000000085000000,0x000000008821ae88,0x000000008d200000)
 Metaspace       used 32578K, capacity 35414K, committed 35456K, reserved 1081344K
  class space    used 3552K, capacity 4460K, committed 4480K, reserved 1048576K
}
Event: 9.899 GC heap before
{Heap before GC invocations=16 (full 2):
 PSYoungGen      total 639488K, used 152281K [0x00000000d7000000, 0x0000000100000000, 0x0000000100000000)
  eden space 622592K, 24% used [0x00000000d7000000,0x00000000e04b67d0,0x00000000fd000000)
  from space 16896K, 0% used [0x00000000fd000000,0x00000000fd000000,0x00000000fe080000)
  to   space 25600K, 0% used [0x00000000fe700000,0x00000000fe700000,0x0000000100000000)
 ParOldGen       total 133120K, used 51307K [0x0000000085000000, 0x000000008d200000, 0x00000000d7000000)
  object space 133120K, 38% used [0x0000000085000000,0x000000008821ae88,0x000000008d200000)
 Metaspace       used 53850K, capacity 59006K, committed 59096K, reserved 1099776K
  class space    used 6323K, capacity 8015K, committed 8064K, reserved 1048576K
Event: 9.920 GC heap after
Heap after GC invocations=16 (full 2):
 PSYoungGen      total 637952K, used 25569K [0x00000000d7000000, 0x0000000100000000, 0x0000000100000000)
  eden space 612352K, 0% used [0x00000000d7000000,0x00000000d7000000,0x00000000fc600000)
  from space 25600K, 99% used [0x00000000fe700000,0x00000000ffff8758,0x0000000100000000)
  to   space 29696K, 0% used [0x00000000fc600000,0x00000000fc600000,0x00000000fe300000)
 ParOldGen       total 133120K, used 52553K [0x0000000085000000, 0x000000008d200000, 0x00000000d7000000)
  object space 133120K, 39% used [0x0000000085000000,0x0000000088352770,0x000000008d200000)
 Metaspace       used 53850K, capacity 59006K, committed 59096K, reserved 1099776K
  class space    used 6323K, capacity 8015K, committed 8064K, reserved 1048576K
}
Event: 9.920 GC heap before
{Heap before GC invocations=17 (full 3):
 PSYoungGen      total 637952K, used 25569K [0x00000000d7000000, 0x0000000100000000, 0x0000000100000000)
  eden space 612352K, 0% used [0x00000000d7000000,0x00000000d7000000,0x00000000fc600000)
  from space 25600K, 99% used [0x00000000fe700000,0x00000000ffff8758,0x0000000100000000)
  to   space 29696K, 0% used [0x00000000fc600000,0x00000000fc600000,0x00000000fe300000)
 ParOldGen       total 133120K, used 52553K [0x0000000085000000, 0x000000008d200000, 0x00000000d7000000)
  object space 133120K, 39% used [0x0000000085000000,0x0000000088352770,0x000000008d200000)
 Metaspace       used 53850K, capacity 59006K, committed 59096K, reserved 1099776K
  class space    used 6323K, capacity 8015K, committed 8064K, reserved 1048576K
Event: 10.310 GC heap after
Heap after GC invocations=17 (full 3):
 PSYoungGen      total 637952K, used 0K [0x00000000d7000000, 0x0000000100000000, 0x0000000100000000)
  eden space 612352K, 0% used [0x00000000d7000000,0x00000000d7000000,0x00000000fc600000)
  from space 25600K, 0% used [0x00000000fe700000,0x00000000fe700000,0x0000000100000000)
  to   space 29696K, 0% used [0x00000000fc600000,0x00000000fc600000,0x00000000fe300000)
 ParOldGen       total 181248K, used 66999K [0x0000000085000000, 0x0000000090100000, 0x00000000d7000000)
  object space 181248K, 36% used [0x0000000085000000,0x000000008916df80,0x0000000090100000)
 Metaspace       used 53850K, capacity 59006K, committed 59096K, reserved 1099776K
  class space    used 6323K, capacity 8015K, committed 8064K, reserved 1048576K
}

